<?xml version="1.0" encoding="UTF-8"?>
<testsuite xmlns:xsi="http://www.w3.org/2001/XMLSchema-instance" xsi:noNamespaceSchemaLocation="https://maven.apache.org/surefire/maven-surefire-plugin/xsd/surefire-test-report-3.0.xsd" version="3.0" name="com.sending.mails.MailsApplicationTests" time="59.725" tests="1" errors="0" skipped="0" failures="0">
  <properties>
[...]
</properties>
  <testcase name="contextLoads" classname="com.sending.mails.MailsApplicationTests" time="13.082">
    <system-out><![CDATA[12:02:36.872 [main] INFO org.springframework.test.context.support.AnnotationConfigContextLoaderUtils -- Could not detect default configuration classes for test class [com.sending.mails.MailsApplicationTests]: MailsApplicationTests does not declare any static, non-private, non-final, nested classes annotated with @Configuration.
12:02:39.337 [main] INFO org.springframework.boot.test.context.SpringBootTestContextBootstrapper -- Found @SpringBootConfiguration com.sending.mails.MailsApplication for test class com.sending.mails.MailsApplicationTests

  .   ____          _            __ _ _
 /\\ / ___'_ __ _ _(_)_ __  __ _ \ \ \ \
( ( )\___ | '_ | '_| | '_ \/ _` | \ \ \ \
 \\/  ___)| |_)| | | | | || (_| |  ) ) ) )
  '  |____| .__|_| |_|_| |_\__, | / / / /
 =========|_|==============|___/=/_/_/_/
 :: Spring Boot ::                (v3.2.2)

2024-07-09T12:02:46.769-03:00  INFO 15076 --- [           main] c.sending.mails.MailsApplicationTests    : Starting MailsApplicationTests using Java 17.0.10 with PID 15076 (started by pc in C:\Users\pc\Desktop\Archivos\appWld\mailsWld)
2024-07-09T12:02:46.776-03:00  INFO 15076 --- [           main] c.sending.mails.MailsApplicationTests    : No active profile set, falling back to 1 default profile: "default"
2024-07-09T12:03:20.987-03:00  INFO 15076 --- [           main] c.sending.mails.MailsApplicationTests    : Started MailsApplicationTests in 37.908 seconds (process running for 56.543)
]]></system-out>
  </testcase>
</testsuite>